prog -> (-1, -1)
{ -> (-1, -1)
a -> (44, 0)
( -> (-1, -1)
int -> (-1, -1)
) -> (-1, -1)
, -> (-1, -1)
b -> (45, 0)
( -> (-1, -1)
int -> (-1, -1)
) -> (-1, -1)
; -> (-1, -1)
read -> (-1, -1)
( -> (-1, -1)
a -> (44, 0)
) -> (-1, -1)
; -> (-1, -1)
read -> (-1, -1)
( -> (-1, -1)
b -> (45, 0)
) -> (-1, -1)
; -> (-1, -1)
r -> (8, 0)
( -> (-1, -1)
int -> (-1, -1)
) -> (-1, -1)
= -> (-1, -1)
a -> (44, 0)
% -> (-1, -1)
b -> (45, 0)
; -> (-1, -1)
while -> (-1, -1)
b -> (45, 0)
< -> (-1, -1)
> -> (-1, -1)
int const -> (48, 0)
{ -> (-1, -1)
a -> (44, 0)
= -> (-1, -1)
b -> (45, 0)
; -> (-1, -1)
b -> (45, 0)
= -> (-1, -1)
r -> (8, 0)
; -> (-1, -1)
r -> (8, 0)
= -> (-1, -1)
a -> (44, 0)
% -> (-1, -1)
b -> (45, 0)
; -> (-1, -1)
} -> (-1, -1)
print -> (-1, -1)
( -> (-1, -1)
a -> (44, 0)
) -> (-1, -1)
; -> (-1, -1)
} -> (-1, -1)
