prog -> (-1, -1)
{ -> (-1, -1)
a -> (44, 0)
( -> (-1, -1)
int -> (-1, -1)
) -> (-1, -1)
, -> (-1, -1)
b -> (45, 0)
( -> (-1, -1)
int -> (-1, -1)
) -> (-1, -1)
, -> (-1, -1)
c -> (46, 0)
( -> (-1, -1)
int -> (-1, -1)
) -> (-1, -1)
; -> (-1, -1)
read -> (-1, -1)
( -> (-1, -1)
a -> (44, 0)
) -> (-1, -1)
; -> (-1, -1)
read -> (-1, -1)
( -> (-1, -1)
b -> (45, 0)
) -> (-1, -1)
; -> (-1, -1)
read -> (-1, -1)
( -> (-1, -1)
c -> (46, 0)
) -> (-1, -1)
; -> (-1, -1)
min -> (6, 0)
( -> (-1, -1)
int -> (-1, -1)
) -> (-1, -1)
= -> (-1, -1)
a -> (44, 0)
; -> (-1, -1)
if -> (-1, -1)
min -> (6, 0)
> -> (-1, -1)
b -> (45, 0)
{ -> (-1, -1)
min -> (6, 0)
= -> (-1, -1)
b -> (45, 0)
; -> (-1, -1)
} -> (-1, -1)
if -> (-1, -1)
min -> (6, 0)
> -> (-1, -1)
c -> (46, 0)
{ -> (-1, -1)
min -> (6, 0)
= -> (-1, -1)
c -> (46, 0)
; -> (-1, -1)
} -> (-1, -1)
print -> (-1, -1)
( -> (-1, -1)
min -> (6, 0)
) -> (-1, -1)
; -> (-1, -1)
} -> (-1, -1)
