prog -> (-1, -1)
{ -> (-1, -1)
n -> (4, 0)
( -> (-1, -1)
int -> (-1, -1)
) -> (-1, -1)
; -> (-1, -1)
read -> (-1, -1)
( -> (-1, -1)
n -> (4, 0)
) -> (-1, -1)
; -> (-1, -1)
a -> (44, 0)
array -> (-1, -1)
[ -> (-1, -1)
n -> (4, 0)
] -> (-1, -1)
( -> (-1, -1)
int -> (-1, -1)
) -> (-1, -1)
, -> (-1, -1)
i -> (52, 0)
( -> (-1, -1)
int -> (-1, -1)
) -> (-1, -1)
, -> (-1, -1)
sum -> (23, 0)
( -> (-1, -1)
int -> (-1, -1)
) -> (-1, -1)
= -> (-1, -1)
int const -> (48, 0)
; -> (-1, -1)
while -> (-1, -1)
i -> (52, 0)
< -> (-1, -1)
= -> (-1, -1)
n -> (4, 0)
{ -> (-1, -1)
read -> (-1, -1)
( -> (-1, -1)
a -> (44, 0)
[ -> (-1, -1)
i -> (52, 0)
] -> (-1, -1)
) -> (-1, -1)
; -> (-1, -1)
sum -> (23, 0)
= -> (-1, -1)
sum -> (23, 0)
+ -> (-1, -1)
a -> (44, 0)
[ -> (-1, -1)
i -> (52, 0)
] -> (-1, -1)
; -> (-1, -1)
} -> (-1, -1)
print -> (-1, -1)
( -> (-1, -1)
sum -> (23, 0)
) -> (-1, -1)
; -> (-1, -1)
} -> (-1, -1)
